--------------- Clean Started: 02/08/2017 10:59:46 Project: IH_CapGauge01, Configuration: ARM GCC 4.9-2015-q1-update Debug ---------------
Deleting file ".\CortexM0\ARM_GCC_493\Debug\main.o"
Deleting file ".\CortexM0\ARM_GCC_493\Debug\cyfitter_cfg.o"
Deleting file ".\CortexM0\ARM_GCC_493\Debug\cymetadata.o"
Deleting file ".\CortexM0\ARM_GCC_493\Debug\UART.o"
Deleting file ".\CortexM0\ARM_GCC_493\Debug\UART_SPI_UART.o"
Deleting file ".\CortexM0\ARM_GCC_493\Debug\UART_SPI_UART_INT.o"
Deleting file ".\CortexM0\ARM_GCC_493\Debug\UART_PM.o"
Deleting file ".\CortexM0\ARM_GCC_493\Debug\UART_UART.o"
Deleting file ".\CortexM0\ARM_GCC_493\Debug\UART_BOOT.o"
Deleting file ".\CortexM0\ARM_GCC_493\Debug\UART_UART_BOOT.o"
Deleting file ".\CortexM0\ARM_GCC_493\Debug\UART_SCBCLK.o"
Deleting file ".\CortexM0\ARM_GCC_493\Debug\UART_tx.o"
Deleting file ".\CortexM0\ARM_GCC_493\Debug\UART_tx_PM.o"
Deleting file ".\CortexM0\ARM_GCC_493\Debug\UART_rx.o"
Deleting file ".\CortexM0\ARM_GCC_493\Debug\UART_rx_PM.o"
Deleting file ".\CortexM0\ARM_GCC_493\Debug\Cm0Start.o"
Deleting file ".\CortexM0\ARM_GCC_493\Debug\CyBootAsmGnu.o"
Deleting file ".\CortexM0\ARM_GCC_493\Debug\CyFlash.o"
Deleting file ".\CortexM0\ARM_GCC_493\Debug\CyLib.o"
Deleting file ".\CortexM0\ARM_GCC_493\Debug\cyPm.o"
Deleting file ".\CortexM0\ARM_GCC_493\Debug\cyutils.o"
Deleting file ".\CortexM0\ARM_GCC_493\Debug\CyDMA.o"
Deleting file ".\CortexM0\ARM_GCC_493\Debug\CyLFClk.o"
Deleting file ".\CortexM0\ARM_GCC_493\Debug\CapSense_1.o"
Deleting file ".\CortexM0\ARM_GCC_493\Debug\CapSense_1_PM.o"
Deleting file ".\CortexM0\ARM_GCC_493\Debug\CapSense_1_CSHL.o"
Deleting file ".\CortexM0\ARM_GCC_493\Debug\CapSense_1_INT.o"
Deleting file ".\CortexM0\ARM_GCC_493\Debug\CapSense_1_TunerHelper.o"
Deleting file ".\CortexM0\ARM_GCC_493\Debug\CapSense_1_SMS.o"
Deleting file ".\CortexM0\ARM_GCC_493\Debug\CapSense_1_SampleClk.o"
Deleting file ".\CortexM0\ARM_GCC_493\Debug\CapSense_1_Sns.o"
Deleting file ".\CortexM0\ARM_GCC_493\Debug\CapSense_1_Sns_PM.o"
Deleting file ".\CortexM0\ARM_GCC_493\Debug\CapSense_1_SenseClk.o"
Deleting file ".\CortexM0\ARM_GCC_493\Debug\IH_CapGauge01.hex"
Deleting file ".\CortexM0\ARM_GCC_493\Debug\IH_CapGauge01.elf"
Deleting file ".\CortexM0\ARM_GCC_493\Debug\IH_CapGauge01.map"
Deleting file ".\IH_CapGauge01.cycdx"
Deleting file ".\IH_CapGauge01.svd"
Deleting file ".\IH_CapGauge01.rpt"
Deleting file ".\IH_CapGauge01_timing.html"
Deleting file ".\CortexM0\ARM_GCC_493\Debug\.deps\SOURCE_C__ARM_GCC_GENERIC.P"
Deleting file ".\CortexM0\ARM_GCC_493\Debug\.deps\SOURCE_ASM__ARM_GCC_GENERIC.P"
--------------- Clean Succeeded: 02/08/2017 10:59:46 ---------------
