ARM GAS  C:\Users\IGOR~1.HOL\AppData\Local\Temp\cc652Z6B.s 			page 1


   1              		.cpu cortex-m0
   2              		.fpu softvfp
   3              		.eabi_attribute 20, 1
   4              		.eabi_attribute 21, 1
   5              		.eabi_attribute 23, 3
   6              		.eabi_attribute 24, 1
   7              		.eabi_attribute 25, 1
   8              		.eabi_attribute 26, 1
   9              		.eabi_attribute 30, 6
  10              		.eabi_attribute 34, 0
  11              		.eabi_attribute 18, 4
  12              		.code	16
  13              		.file	"main.c"
  14              		.text
  15              	.Ltext0:
  16              		.cfi_sections	.debug_frame
  17              		.section	.rodata
  18              		.align	2
  19              	.LC0:
  20 0000 0D0A5468 		.ascii	"\015\012This is IH_CapGauge Ver.170206a\015\012\000"
  20      69732069 
  20      73204948 
  20      5F436170 
  20      47617567 
  21              		.align	2
  22              	.LC2:
  23 0024 436F6D6D 		.ascii	"Command A\015\012\000"
  23      616E6420 
  23      410D0A00 
  24              		.align	2
  25              	.LC4:
  26 0030 436F6D6D 		.ascii	"Command B\015\012\000"
  26      616E6420 
  26      420D0A00 
  27              		.align	2
  28              	.LC6:
  29 003c 556E6B6E 		.ascii	"Unknown command:\000"
  29      6F776E20 
  29      636F6D6D 
  29      616E643A 
  29      00
  30 004d 000000   		.align	2
  31              	.LC8:
  32 0050 0D0A00   		.ascii	"\015\012\000"
  33 0053 00       		.section	.text.main,"ax",%progbits
  34              		.align	2
  35              		.global	main
  36              		.code	16
  37              		.thumb_func
  38              		.type	main, %function
  39              	main:
  40              	.LFB36:
  41              		.file 1 "main.c"
   1:main.c        **** /*******************************************************************************
   2:main.c        **** *
   3:main.c        **** *  Project: IH_CapGauge01
   4:main.c        **** *
ARM GAS  C:\Users\IGOR~1.HOL\AppData\Local\Temp\cc652Z6B.s 			page 2


   5:main.c        **** *  m a i n . c 
   6:main.c        **** *
   7:main.c        **** *  Last revision:  170206 IH
   8:main.c        **** *
   9:main.c        **** ********************************************************************************
  10:main.c        **** *
  11:main.c        **** *
  12:main.c        **** * File Name: main.c
  13:main.c        **** *
  14:main.c        **** * Version: 1.20
  15:main.c        **** *
  16:main.c        **** * Description:
  17:main.c        **** *  This example project demonstrates the basic operation of the SCB component
  18:main.c        **** *  in the UART mode. The polling method is used to wait for received character.
  19:main.c        **** *  As soon as character is received it is transmitted back. The serial terminal
  20:main.c        **** *  can be used on the PC to send characters and get them back.
  21:main.c        **** *  The example will echo every received character.
  22:main.c        **** *
  23:main.c        **** ********************************************************************************
  24:main.c        **** * Copyright 2014-2015, Cypress Semiconductor Corporation. All rights reserved.
  25:main.c        **** * This software is owned by Cypress Semiconductor Corporation and is protected
  26:main.c        **** * by and subject to worldwide patent and copyright laws and treaties.
  27:main.c        **** * Therefore, you may use this software only as provided in the license agreement
  28:main.c        **** * accompanying the software package from which you obtained this software.
  29:main.c        **** * CYPRESS AND ITS SUPPLIERS MAKE NO WARRANTY OF ANY KIND, EXPRESS OR IMPLIED,
  30:main.c        **** * WITH REGARD TO THIS SOFTWARE, INCLUDING, BUT NOT LIMITED TO, NONINFRINGEMENT,
  31:main.c        **** * IMPLIED WARRANTIES OF MERCHANTABILITY AND FITNESS FOR A PARTICULAR PURPOSE.
  32:main.c        **** *******************************************************************************/
  33:main.c        **** 
  34:main.c        **** #include <project.h>
  35:main.c        **** 
  36:main.c        **** 
  37:main.c        **** /*******************************************************************************
  38:main.c        **** * Function Name: main
  39:main.c        **** ********************************************************************************
  40:main.c        **** * Summary:
  41:main.c        **** *  The main function performs the following actions:
  42:main.c        **** *   1. Sets up UART component.
  43:main.c        **** *   2. UART sends text header into the serial terminal.
  44:main.c        **** *   3. UART waits for the characters to send them back to the serial terminal.
  45:main.c        **** *
  46:main.c        **** * Parameters:
  47:main.c        **** *  None
  48:main.c        **** *
  49:main.c        **** * Return:
  50:main.c        **** *  None
  51:main.c        **** *
  52:main.c        **** *******************************************************************************/
  53:main.c        **** int main()
  54:main.c        **** {
  42              		.loc 1 54 0
  43              		.cfi_startproc
  44 0000 80B5     		push	{r7, lr}
  45              		.cfi_def_cfa_offset 8
  46              		.cfi_offset 7, -8
  47              		.cfi_offset 14, -4
  48 0002 82B0     		sub	sp, sp, #8
ARM GAS  C:\Users\IGOR~1.HOL\AppData\Local\Temp\cc652Z6B.s 			page 3


  49              		.cfi_def_cfa_offset 16
  50 0004 00AF     		add	r7, sp, #0
  51              		.cfi_def_cfa_register 7
  55:main.c        ****     uint32 ch;
  56:main.c        **** 
  57:main.c        ****     /* Start SCB (UART mode) operation */
  58:main.c        ****     UART_Start();
  52              		.loc 1 58 0
  53 0006 FFF7FEFF 		bl	UART_Start
  59:main.c        ****     
  60:main.c        ****     UART_UartPutString("\r\nThis is IH_CapGauge Ver.170206a\r\n");    
  54              		.loc 1 60 0
  55 000a 144B     		ldr	r3, .L8
  56 000c 181C     		mov	r0, r3
  57 000e FFF7FEFF 		bl	UART_UartPutString
  58              	.L6:
  61:main.c        **** 
  62:main.c        ****     for (;;)
  63:main.c        ****     {
  64:main.c        ****         /* Get received character or zero if nothing has been received yet */
  65:main.c        ****         ch = UART_UartGetChar();
  59              		.loc 1 65 0
  60 0012 FFF7FEFF 		bl	UART_UartGetChar
  61 0016 031C     		mov	r3, r0
  62 0018 7B60     		str	r3, [r7, #4]
  66:main.c        **** 
  67:main.c        ****         if (0u != ch)
  63              		.loc 1 67 0
  64 001a 7B68     		ldr	r3, [r7, #4]
  65 001c 002B     		cmp	r3, #0
  66 001e 1CD0     		beq	.L2
  68:main.c        ****         {
  69:main.c        ****           switch(ch)
  67              		.loc 1 69 0
  68 0020 7B68     		ldr	r3, [r7, #4]
  69 0022 412B     		cmp	r3, #65
  70 0024 02D0     		beq	.L4
  71 0026 422B     		cmp	r3, #66
  72 0028 05D0     		beq	.L5
  73 002a 09E0     		b	.L7
  74              	.L4:
  70:main.c        ****           {
  71:main.c        ****             case 'A':
  72:main.c        ****                 UART_UartPutString("Command A\r\n");    
  75              		.loc 1 72 0
  76 002c 0C4B     		ldr	r3, .L8+4
  77 002e 181C     		mov	r0, r3
  78 0030 FFF7FEFF 		bl	UART_UartPutString
  73:main.c        ****                 break;
  79              		.loc 1 73 0
  80 0034 11E0     		b	.L2
  81              	.L5:
  74:main.c        ****             case 'B':
  75:main.c        ****                 UART_UartPutString("Command B\r\n");    
  82              		.loc 1 75 0
  83 0036 0B4B     		ldr	r3, .L8+8
  84 0038 181C     		mov	r0, r3
ARM GAS  C:\Users\IGOR~1.HOL\AppData\Local\Temp\cc652Z6B.s 			page 4


  85 003a FFF7FEFF 		bl	UART_UartPutString
  76:main.c        ****                 break;
  86              		.loc 1 76 0
  87 003e 0CE0     		b	.L2
  88              	.L7:
  77:main.c        ****             default:                
  78:main.c        ****                 UART_UartPutString("Unknown command:");    
  89              		.loc 1 78 0
  90 0040 094B     		ldr	r3, .L8+12
  91 0042 181C     		mov	r0, r3
  92 0044 FFF7FEFF 		bl	UART_UartPutString
  79:main.c        ****                 UART_UartPutChar(ch);    
  93              		.loc 1 79 0
  94 0048 7B68     		ldr	r3, [r7, #4]
  95 004a 181C     		mov	r0, r3
  96 004c FFF7FEFF 		bl	UART_SpiUartWriteTxData
  80:main.c        ****                 UART_UartPutString("\r\n");    
  97              		.loc 1 80 0
  98 0050 064B     		ldr	r3, .L8+16
  99 0052 181C     		mov	r0, r3
 100 0054 FFF7FEFF 		bl	UART_UartPutString
  81:main.c        ****                 break;                
 101              		.loc 1 81 0
 102 0058 C046     		mov	r8, r8
 103              	.L2:
  82:main.c        ****                 
  83:main.c        ****           }            
  84:main.c        ****         }
  85:main.c        ****     }
 104              		.loc 1 85 0
 105 005a DAE7     		b	.L6
 106              	.L9:
 107              		.align	2
 108              	.L8:
 109 005c 00000000 		.word	.LC0
 110 0060 24000000 		.word	.LC2
 111 0064 30000000 		.word	.LC4
 112 0068 3C000000 		.word	.LC6
 113 006c 50000000 		.word	.LC8
 114              		.cfi_endproc
 115              	.LFE36:
 116              		.size	main, .-main
 117              		.text
 118              	.Letext0:
 119              		.file 2 "Generated_Source\\PSoC4/cytypes.h"
 120              		.section	.debug_info,"",%progbits
 121              	.Ldebug_info0:
 122 0000 B3000000 		.4byte	0xb3
 123 0004 0400     		.2byte	0x4
 124 0006 00000000 		.4byte	.Ldebug_abbrev0
 125 000a 04       		.byte	0x4
 126 000b 01       		.uleb128 0x1
 127 000c 57000000 		.4byte	.LASF13
 128 0010 01       		.byte	0x1
 129 0011 22000000 		.4byte	.LASF14
 130 0015 37010000 		.4byte	.LASF15
 131 0019 00000000 		.4byte	.Ldebug_ranges0+0
ARM GAS  C:\Users\IGOR~1.HOL\AppData\Local\Temp\cc652Z6B.s 			page 5


 132 001d 00000000 		.4byte	0
 133 0021 00000000 		.4byte	.Ldebug_line0
 134 0025 02       		.uleb128 0x2
 135 0026 01       		.byte	0x1
 136 0027 06       		.byte	0x6
 137 0028 1B010000 		.4byte	.LASF0
 138 002c 02       		.uleb128 0x2
 139 002d 01       		.byte	0x1
 140 002e 08       		.byte	0x8
 141 002f E5000000 		.4byte	.LASF1
 142 0033 02       		.uleb128 0x2
 143 0034 02       		.byte	0x2
 144 0035 05       		.byte	0x5
 145 0036 2D010000 		.4byte	.LASF2
 146 003a 02       		.uleb128 0x2
 147 003b 02       		.byte	0x2
 148 003c 07       		.byte	0x7
 149 003d 08010000 		.4byte	.LASF3
 150 0041 02       		.uleb128 0x2
 151 0042 04       		.byte	0x4
 152 0043 05       		.byte	0x5
 153 0044 F8000000 		.4byte	.LASF4
 154 0048 02       		.uleb128 0x2
 155 0049 04       		.byte	0x4
 156 004a 07       		.byte	0x7
 157 004b 2E000000 		.4byte	.LASF5
 158 004f 02       		.uleb128 0x2
 159 0050 08       		.byte	0x8
 160 0051 05       		.byte	0x5
 161 0052 00000000 		.4byte	.LASF6
 162 0056 02       		.uleb128 0x2
 163 0057 08       		.byte	0x8
 164 0058 07       		.byte	0x7
 165 0059 40000000 		.4byte	.LASF7
 166 005d 03       		.uleb128 0x3
 167 005e 04       		.byte	0x4
 168 005f 05       		.byte	0x5
 169 0060 696E7400 		.ascii	"int\000"
 170 0064 02       		.uleb128 0x2
 171 0065 04       		.byte	0x4
 172 0066 07       		.byte	0x7
 173 0067 15000000 		.4byte	.LASF8
 174 006b 04       		.uleb128 0x4
 175 006c 0E000000 		.4byte	.LASF16
 176 0070 02       		.byte	0x2
 177 0071 BB01     		.2byte	0x1bb
 178 0073 48000000 		.4byte	0x48
 179 0077 02       		.uleb128 0x2
 180 0078 04       		.byte	0x4
 181 0079 04       		.byte	0x4
 182 007a 27010000 		.4byte	.LASF9
 183 007e 02       		.uleb128 0x2
 184 007f 08       		.byte	0x8
 185 0080 04       		.byte	0x4
 186 0081 01010000 		.4byte	.LASF10
 187 0085 02       		.uleb128 0x2
 188 0086 01       		.byte	0x1
ARM GAS  C:\Users\IGOR~1.HOL\AppData\Local\Temp\cc652Z6B.s 			page 6


 189 0087 08       		.byte	0x8
 190 0088 F3000000 		.4byte	.LASF11
 191 008c 02       		.uleb128 0x2
 192 008d 04       		.byte	0x4
 193 008e 07       		.byte	0x7
 194 008f 86010000 		.4byte	.LASF12
 195 0093 05       		.uleb128 0x5
 196 0094 29000000 		.4byte	.LASF17
 197 0098 01       		.byte	0x1
 198 0099 35       		.byte	0x35
 199 009a 5D000000 		.4byte	0x5d
 200 009e 00000000 		.4byte	.LFB36
 201 00a2 70000000 		.4byte	.LFE36-.LFB36
 202 00a6 01       		.uleb128 0x1
 203 00a7 9C       		.byte	0x9c
 204 00a8 06       		.uleb128 0x6
 205 00a9 636800   		.ascii	"ch\000"
 206 00ac 01       		.byte	0x1
 207 00ad 37       		.byte	0x37
 208 00ae 6B000000 		.4byte	0x6b
 209 00b2 02       		.uleb128 0x2
 210 00b3 91       		.byte	0x91
 211 00b4 74       		.sleb128 -12
 212 00b5 00       		.byte	0
 213 00b6 00       		.byte	0
 214              		.section	.debug_abbrev,"",%progbits
 215              	.Ldebug_abbrev0:
 216 0000 01       		.uleb128 0x1
 217 0001 11       		.uleb128 0x11
 218 0002 01       		.byte	0x1
 219 0003 25       		.uleb128 0x25
 220 0004 0E       		.uleb128 0xe
 221 0005 13       		.uleb128 0x13
 222 0006 0B       		.uleb128 0xb
 223 0007 03       		.uleb128 0x3
 224 0008 0E       		.uleb128 0xe
 225 0009 1B       		.uleb128 0x1b
 226 000a 0E       		.uleb128 0xe
 227 000b 55       		.uleb128 0x55
 228 000c 17       		.uleb128 0x17
 229 000d 11       		.uleb128 0x11
 230 000e 01       		.uleb128 0x1
 231 000f 10       		.uleb128 0x10
 232 0010 17       		.uleb128 0x17
 233 0011 00       		.byte	0
 234 0012 00       		.byte	0
 235 0013 02       		.uleb128 0x2
 236 0014 24       		.uleb128 0x24
 237 0015 00       		.byte	0
 238 0016 0B       		.uleb128 0xb
 239 0017 0B       		.uleb128 0xb
 240 0018 3E       		.uleb128 0x3e
 241 0019 0B       		.uleb128 0xb
 242 001a 03       		.uleb128 0x3
 243 001b 0E       		.uleb128 0xe
 244 001c 00       		.byte	0
 245 001d 00       		.byte	0
ARM GAS  C:\Users\IGOR~1.HOL\AppData\Local\Temp\cc652Z6B.s 			page 7


 246 001e 03       		.uleb128 0x3
 247 001f 24       		.uleb128 0x24
 248 0020 00       		.byte	0
 249 0021 0B       		.uleb128 0xb
 250 0022 0B       		.uleb128 0xb
 251 0023 3E       		.uleb128 0x3e
 252 0024 0B       		.uleb128 0xb
 253 0025 03       		.uleb128 0x3
 254 0026 08       		.uleb128 0x8
 255 0027 00       		.byte	0
 256 0028 00       		.byte	0
 257 0029 04       		.uleb128 0x4
 258 002a 16       		.uleb128 0x16
 259 002b 00       		.byte	0
 260 002c 03       		.uleb128 0x3
 261 002d 0E       		.uleb128 0xe
 262 002e 3A       		.uleb128 0x3a
 263 002f 0B       		.uleb128 0xb
 264 0030 3B       		.uleb128 0x3b
 265 0031 05       		.uleb128 0x5
 266 0032 49       		.uleb128 0x49
 267 0033 13       		.uleb128 0x13
 268 0034 00       		.byte	0
 269 0035 00       		.byte	0
 270 0036 05       		.uleb128 0x5
 271 0037 2E       		.uleb128 0x2e
 272 0038 01       		.byte	0x1
 273 0039 3F       		.uleb128 0x3f
 274 003a 19       		.uleb128 0x19
 275 003b 03       		.uleb128 0x3
 276 003c 0E       		.uleb128 0xe
 277 003d 3A       		.uleb128 0x3a
 278 003e 0B       		.uleb128 0xb
 279 003f 3B       		.uleb128 0x3b
 280 0040 0B       		.uleb128 0xb
 281 0041 49       		.uleb128 0x49
 282 0042 13       		.uleb128 0x13
 283 0043 11       		.uleb128 0x11
 284 0044 01       		.uleb128 0x1
 285 0045 12       		.uleb128 0x12
 286 0046 06       		.uleb128 0x6
 287 0047 40       		.uleb128 0x40
 288 0048 18       		.uleb128 0x18
 289 0049 9642     		.uleb128 0x2116
 290 004b 19       		.uleb128 0x19
 291 004c 00       		.byte	0
 292 004d 00       		.byte	0
 293 004e 06       		.uleb128 0x6
 294 004f 34       		.uleb128 0x34
 295 0050 00       		.byte	0
 296 0051 03       		.uleb128 0x3
 297 0052 08       		.uleb128 0x8
 298 0053 3A       		.uleb128 0x3a
 299 0054 0B       		.uleb128 0xb
 300 0055 3B       		.uleb128 0x3b
 301 0056 0B       		.uleb128 0xb
 302 0057 49       		.uleb128 0x49
ARM GAS  C:\Users\IGOR~1.HOL\AppData\Local\Temp\cc652Z6B.s 			page 8


 303 0058 13       		.uleb128 0x13
 304 0059 02       		.uleb128 0x2
 305 005a 18       		.uleb128 0x18
 306 005b 00       		.byte	0
 307 005c 00       		.byte	0
 308 005d 00       		.byte	0
 309              		.section	.debug_aranges,"",%progbits
 310 0000 1C000000 		.4byte	0x1c
 311 0004 0200     		.2byte	0x2
 312 0006 00000000 		.4byte	.Ldebug_info0
 313 000a 04       		.byte	0x4
 314 000b 00       		.byte	0
 315 000c 0000     		.2byte	0
 316 000e 0000     		.2byte	0
 317 0010 00000000 		.4byte	.LFB36
 318 0014 70000000 		.4byte	.LFE36-.LFB36
 319 0018 00000000 		.4byte	0
 320 001c 00000000 		.4byte	0
 321              		.section	.debug_ranges,"",%progbits
 322              	.Ldebug_ranges0:
 323 0000 00000000 		.4byte	.LFB36
 324 0004 70000000 		.4byte	.LFE36
 325 0008 00000000 		.4byte	0
 326 000c 00000000 		.4byte	0
 327              		.section	.debug_line,"",%progbits
 328              	.Ldebug_line0:
 329 0000 64000000 		.section	.debug_str,"MS",%progbits,1
 329      02004100 
 329      00000201 
 329      FB0E0D00 
 329      01010101 
 330              	.LASF6:
 331 0000 6C6F6E67 		.ascii	"long long int\000"
 331      206C6F6E 
 331      6720696E 
 331      7400
 332              	.LASF16:
 333 000e 75696E74 		.ascii	"uint32\000"
 333      333200
 334              	.LASF8:
 335 0015 756E7369 		.ascii	"unsigned int\000"
 335      676E6564 
 335      20696E74 
 335      00
 336              	.LASF14:
 337 0022 6D61696E 		.ascii	"main.c\000"
 337      2E6300
 338              	.LASF17:
 339 0029 6D61696E 		.ascii	"main\000"
 339      00
 340              	.LASF5:
 341 002e 6C6F6E67 		.ascii	"long unsigned int\000"
 341      20756E73 
 341      69676E65 
 341      6420696E 
 341      7400
 342              	.LASF7:
ARM GAS  C:\Users\IGOR~1.HOL\AppData\Local\Temp\cc652Z6B.s 			page 9


 343 0040 6C6F6E67 		.ascii	"long long unsigned int\000"
 343      206C6F6E 
 343      6720756E 
 343      7369676E 
 343      65642069 
 344              	.LASF13:
 345 0057 474E5520 		.ascii	"GNU C 4.9.3 20150303 (release) [ARM/embedded-4_9-br"
 345      4320342E 
 345      392E3320 
 345      32303135 
 345      30333033 
 346 008a 616E6368 		.ascii	"anch revision 221220] -mcpu=cortex-m0 -mthumb -g -O"
 346      20726576 
 346      6973696F 
 346      6E203232 
 346      31323230 
 347 00bd 30202D66 		.ascii	"0 -ffunction-sections -ffat-lto-objects\000"
 347      66756E63 
 347      74696F6E 
 347      2D736563 
 347      74696F6E 
 348              	.LASF1:
 349 00e5 756E7369 		.ascii	"unsigned char\000"
 349      676E6564 
 349      20636861 
 349      7200
 350              	.LASF11:
 351 00f3 63686172 		.ascii	"char\000"
 351      00
 352              	.LASF4:
 353 00f8 6C6F6E67 		.ascii	"long int\000"
 353      20696E74 
 353      00
 354              	.LASF10:
 355 0101 646F7562 		.ascii	"double\000"
 355      6C6500
 356              	.LASF3:
 357 0108 73686F72 		.ascii	"short unsigned int\000"
 357      7420756E 
 357      7369676E 
 357      65642069 
 357      6E7400
 358              	.LASF0:
 359 011b 7369676E 		.ascii	"signed char\000"
 359      65642063 
 359      68617200 
 360              	.LASF9:
 361 0127 666C6F61 		.ascii	"float\000"
 361      7400
 362              	.LASF2:
 363 012d 73686F72 		.ascii	"short int\000"
 363      7420696E 
 363      7400
 364              	.LASF15:
 365 0137 433A5C55 		.ascii	"C:\\Users\\igor.hollaender\\Documents\\GitHub\\CY8S"
 365      73657273 
 365      5C69676F 
ARM GAS  C:\Users\IGOR~1.HOL\AppData\Local\Temp\cc652Z6B.s 			page 10


 365      722E686F 
 365      6C6C6165 
 366 0165 65727665 		.ascii	"erver\\Sensor\\IH_CapGauge01.cydsn\000"
 366      725C5365 
 366      6E736F72 
 366      5C49485F 
 366      43617047 
 367              	.LASF12:
 368 0186 73697A65 		.ascii	"sizetype\000"
 368      74797065 
 368      00
 369              		.ident	"GCC: (GNU Tools for ARM Embedded Processors) 4.9.3 20150303 (release) [ARM/embedded-4_9-br
